<?xml version="1.0" encoding="UTF-8"?>
<testsuites name="20190724_162931" timestamp="2019-07-24T16:29:31" time="20.105" tests="5" errors="1">
  <testsuite id="1" name="WebAutomation" package="WebAutomation" hostname="ATMECSINDT-051" timestamp="2019-07-24T16:29:33" time="17.256" tests="5" errors="1">
    <properties>
      <property name="Run From" value="ATMECSINDT-051" />
      <property name="Run OS" value="amd64 Windows 10 10.0" />
      <property name="Run User" value="shagufta.nisar" />
      <property name="Iteration" value="1 of 1" />
      <property name="Script" value="WebAutomation.xlsx" />
      <property name="Logs" value="C:\projects\WebAutomation\output\20190724_162931\logs\nexial-20190724_162931.log" />
      <property name="Data File" value="WebAutomation.data.xlsx" />
      <property name="DataSheet(s)" value="#default" />
      <property name="JAVA_OPT" value="-Dorg.apache.poi.util.POILogger=org.apache.poi.util.NullLogger" />
      <property name="runtime args" value="-script C:\projects\WebAutomation\artifact\script\WebAutomation.xlsx -scenario S2" />
    </properties>
    <testcase id="Activity 1" name="Activity 1" classname="S2" timestamp="2019-07-24T16:29:35" time="14.975">
      <failure type="failure found in test activity" message="1 of 5 FAILED. Check C:\projects\WebAutomation\output\20190724_162931\WebAutomation.20190724_162933.001.xlsx for execution result, C:\projects\WebAutomation\output\20190724_162931\logs\nexial-20190724_162931.log for execution logs" />
      <system-out>Total : 5
Passed: 4
Failed: 1
Output: C:\projects\WebAutomation\output\20190724_162931\WebAutomation.20190724_162933.001.xlsx
Logs  : C:\projects\WebAutomation\output\20190724_162931\logs\nexial-20190724_162931.log</system-out>
    </testcase>
  </testsuite>
</testsuites>
